<?xml version="1.0" encoding="UTF-8"?>
<!-- Generated by org.testng.reporters.JUnitXMLReporter -->
<testsuite ignored="0" hostname="DESKTOP-LJ63IJJ" failures="0" tests="3" name="Submit Order Test" time="76.694" errors="0" timestamp="2023-02-02T23:13:56 IST">
  <testcase classname="virtusa.tests.SubmitOrderTest" name="submitOrder" time="4.6"/>
  <testcase classname="virtusa.tests.SubmitOrderTest" name="submitOrder" time="3.83"/>
  <testcase classname="virtusa.tests.SubmitOrderTest" name="OrderHistoryTest" time="1.264"/>
</testsuite> <!-- Submit Order Test -->
